[24-Aug-2024 15:52:45 UTC] PHP Warning:  Undefined array key "id" in C:\Users\flamm\Local Sites\laviedesplantes\app\public\wp-content\plugins\elementor\includes\managers\image.php on line 41
[24-Aug-2024 15:52:45 UTC] PHP Warning:  Undefined array key "id" in C:\Users\flamm\Local Sites\laviedesplantes\app\public\wp-content\plugins\elementor\includes\managers\image.php on line 41
[24-Aug-2024 15:52:45 UTC] PHP Warning:  Trying to access array offset on value of type bool in C:\Users\flamm\Local Sites\laviedesplantes\app\public\wp-content\plugins\elementor\includes\managers\image.php on line 113
[24-Aug-2024 15:52:45 UTC] PHP Warning:  Trying to access array offset on value of type bool in C:\Users\flamm\Local Sites\laviedesplantes\app\public\wp-content\plugins\elementor\includes\managers\image.php on line 113
[24-Aug-2024 15:52:45 UTC] PHP Warning:  Trying to access array offset on value of type bool in C:\Users\flamm\Local Sites\laviedesplantes\app\public\wp-content\plugins\elementor\includes\managers\image.php on line 113
[24-Aug-2024 15:52:45 UTC] PHP Warning:  Trying to access array offset on value of type bool in C:\Users\flamm\Local Sites\laviedesplantes\app\public\wp-content\plugins\elementor\includes\managers\image.php on line 113
[24-Aug-2024 15:52:45 UTC] PHP Warning:  Trying to access array offset on value of type bool in C:\Users\flamm\Local Sites\laviedesplantes\app\public\wp-content\plugins\elementor\includes\managers\image.php on line 113
[24-Aug-2024 15:52:45 UTC] PHP Warning:  Trying to access array offset on value of type bool in C:\Users\flamm\Local Sites\laviedesplantes\app\public\wp-content\plugins\elementor\includes\managers\image.php on line 113
[24-Aug-2024 15:52:45 UTC] PHP Warning:  Trying to access array offset on value of type bool in C:\Users\flamm\Local Sites\laviedesplantes\app\public\wp-content\plugins\elementor\includes\managers\image.php on line 113
[24-Aug-2024 15:52:45 UTC] PHP Warning:  Trying to access array offset on value of type bool in C:\Users\flamm\Local Sites\laviedesplantes\app\public\wp-content\plugins\elementor\includes\managers\image.php on line 113
[24-Aug-2024 18:55:58 UTC] [Image Optimizer]: info in ImageOptimization\Modules\Core\Components\Migrations->run_migration(): The migration `fix_optimized_size_keys` successfully executed.
[24-Aug-2024 18:55:58 UTC] [Image Optimizer]: info in ImageOptimization\Modules\Core\Components\Migrations->run_migration(): The migration `fix_mime_type` successfully executed.
[24-Aug-2024 18:56:31 UTC] [Image Optimizer]: info in ImageOptimization\Modules\ConnectManager\Components\Connect->get_connect_status(): Status check error. Reason: User is not connected
[24-Aug-2024 18:56:41 UTC] [Image Optimizer]: info in ImageOptimization\Modules\ConnectManager\Components\Connect->get_connect_status(): Status check error. Reason: User is not connected
[25-Aug-2024 13:51:32 UTC] [Image Optimizer]: info in ImageOptimization\Modules\ConnectManager\Components\Connect->get_connect_status(): Status check error. Reason: User is not connected
[25-Aug-2024 13:51:55 UTC] [Image Optimizer]: info in ImageOptimization\Modules\ConnectManager\Components\Connect->get_connect_status(): Status check error. Reason: User is not connected
[25-Aug-2024 14:28:59 UTC] Erreur d’événement de replanification de tâche pour le crochet action_scheduler_run_queue. Code d’erreur : could_not_set. Message d’erreur : La liste des évènements planifiés n’a pas pu être sauvegardée.. Données : {"schedule":"every_minute","args":["WP Cron"],"interval":60}
[25-Aug-2024 15:40:12 UTC] [Image Optimizer]: info in ImageOptimization\Modules\ConnectManager\Components\Connect->get_connect_status(): Status check error. Reason: User is not connected
[25-Aug-2024 15:40:32 UTC] [Image Optimizer]: info in ImageOptimization\Modules\ConnectManager\Components\Connect->get_connect_status(): Status check error. Reason: User is not connected
[25-Aug-2024 15:40:57 UTC] [Image Optimizer]: info in ImageOptimization\Modules\ConnectManager\Components\Connect->get_connect_status(): Status check error. Reason: User is not connected
[25-Aug-2024 15:41:02 UTC] [Image Optimizer]: info in ImageOptimization\Modules\ConnectManager\Components\Connect->get_connect_status(): Status check error. Reason: User is not connected
[25-Aug-2024 15:41:07 UTC] [Image Optimizer]: info in ImageOptimization\Modules\ConnectManager\Components\Connect->get_connect_status(): Status check error. Reason: User is not connected
[25-Aug-2024 15:41:12 UTC] [Image Optimizer]: info in ImageOptimization\Modules\ConnectManager\Components\Connect->get_connect_status(): Status check error. Reason: User is not connected
[25-Aug-2024 15:41:17 UTC] [Image Optimizer]: info in ImageOptimization\Modules\ConnectManager\Components\Connect->get_connect_status(): Status check error. Reason: User is not connected
[25-Aug-2024 15:41:22 UTC] [Image Optimizer]: info in ImageOptimization\Modules\ConnectManager\Components\Connect->get_connect_status(): Status check error. Reason: User is not connected
[25-Aug-2024 15:41:27 UTC] [Image Optimizer]: info in ImageOptimization\Modules\ConnectManager\Components\Connect->get_connect_status(): Status check error. Reason: User is not connected
[25-Aug-2024 15:41:32 UTC] [Image Optimizer]: info in ImageOptimization\Modules\ConnectManager\Components\Connect->get_connect_status(): Status check error. Reason: User is not connected
[25-Aug-2024 15:41:37 UTC] [Image Optimizer]: info in ImageOptimization\Modules\ConnectManager\Components\Connect->get_connect_status(): Status check error. Reason: User is not connected
[25-Aug-2024 15:41:42 UTC] [Image Optimizer]: info in ImageOptimization\Modules\ConnectManager\Components\Connect->get_connect_status(): Status check error. Reason: User is not connected
[25-Aug-2024 15:41:47 UTC] [Image Optimizer]: info in ImageOptimization\Modules\ConnectManager\Components\Connect->get_connect_status(): Status check error. Reason: User is not connected
[25-Aug-2024 15:41:52 UTC] [Image Optimizer]: info in ImageOptimization\Modules\ConnectManager\Components\Connect->get_connect_status(): Status check error. Reason: User is not connected
[25-Aug-2024 15:41:57 UTC] [Image Optimizer]: info in ImageOptimization\Modules\ConnectManager\Components\Connect->get_connect_status(): Status check error. Reason: User is not connected
[25-Aug-2024 15:42:02 UTC] [Image Optimizer]: info in ImageOptimization\Modules\ConnectManager\Components\Connect->get_connect_status(): Status check error. Reason: User is not connected
[25-Aug-2024 15:42:07 UTC] [Image Optimizer]: info in ImageOptimization\Modules\ConnectManager\Components\Connect->get_connect_status(): Status check error. Reason: User is not connected
[25-Aug-2024 15:42:12 UTC] [Image Optimizer]: info in ImageOptimization\Modules\ConnectManager\Components\Connect->get_connect_status(): Status check error. Reason: User is not connected
[25-Aug-2024 15:42:17 UTC] [Image Optimizer]: info in ImageOptimization\Modules\ConnectManager\Components\Connect->get_connect_status(): Status check error. Reason: User is not connected
[25-Aug-2024 15:42:32 UTC] [Image Optimizer]: info in ImageOptimization\Modules\ConnectManager\Components\Connect->get_connect_status(): Status check error. Reason: User is not connected
[25-Aug-2024 15:42:37 UTC] [Image Optimizer]: info in ImageOptimization\Modules\ConnectManager\Components\Connect->get_connect_status(): Status check error. Reason: User is not connected
[25-Aug-2024 15:42:42 UTC] [Image Optimizer]: info in ImageOptimization\Modules\ConnectManager\Components\Connect->get_connect_status(): Status check error. Reason: User is not connected
[25-Aug-2024 15:42:47 UTC] [Image Optimizer]: info in ImageOptimization\Modules\ConnectManager\Components\Connect->get_connect_status(): Status check error. Reason: User is not connected
[25-Aug-2024 15:42:52 UTC] [Image Optimizer]: info in ImageOptimization\Modules\ConnectManager\Components\Connect->get_connect_status(): Status check error. Reason: User is not connected
[25-Aug-2024 15:42:57 UTC] [Image Optimizer]: info in ImageOptimization\Modules\ConnectManager\Components\Connect->get_connect_status(): Status check error. Reason: User is not connected
[25-Aug-2024 16:09:02 UTC] [Image Optimizer]: info in ImageOptimization\Modules\ConnectManager\Components\Connect->get_connect_status(): Status check error. Reason: User is not connected
[25-Aug-2024 16:09:07 UTC] [Image Optimizer]: info in ImageOptimization\Modules\ConnectManager\Components\Connect->get_connect_status(): Status check error. Reason: User is not connected
[25-Aug-2024 16:14:20 UTC] [Image Optimizer]: info in ImageOptimization\Modules\ConnectManager\Components\Connect->get_connect_status(): Status check error. Reason: User is not connected
[25-Aug-2024 16:14:30 UTC] [Image Optimizer]: info in ImageOptimization\Modules\ConnectManager\Components\Connect->get_connect_status(): Status check error. Reason: User is not connected
[25-Aug-2024 16:14:35 UTC] [Image Optimizer]: info in ImageOptimization\Modules\ConnectManager\Components\Connect->get_connect_status(): Status check error. Reason: User is not connected
[25-Aug-2024 16:15:20 UTC] [Image Optimizer]: info in ImageOptimization\Modules\ConnectManager\Components\Connect->get_connect_status(): Status check error. Reason: User is not connected
[25-Aug-2024 16:15:30 UTC] [Image Optimizer]: info in ImageOptimization\Modules\ConnectManager\Components\Connect->get_connect_status(): Status check error. Reason: User is not connected
[25-Aug-2024 16:15:35 UTC] [Image Optimizer]: info in ImageOptimization\Modules\ConnectManager\Components\Connect->get_connect_status(): Status check error. Reason: User is not connected
[25-Aug-2024 16:15:42 UTC] [Image Optimizer]: info in ImageOptimization\Modules\ConnectManager\Components\Connect->get_connect_status(): Status check error. Reason: User is not connected
[25-Aug-2024 16:15:50 UTC] [Image Optimizer]: info in ImageOptimization\Modules\ConnectManager\Components\Connect->get_connect_status(): Status check error. Reason: User is not connected
[25-Aug-2024 16:16:00 UTC] [Image Optimizer]: info in ImageOptimization\Modules\ConnectManager\Components\Connect->get_connect_status(): Status check error. Reason: User is not connected
[25-Aug-2024 16:16:55 UTC] [Image Optimizer]: info in ImageOptimization\Modules\ConnectManager\Components\Connect->get_connect_status(): Status check error. Reason: User is not connected
[27-Aug-2024 20:04:57 UTC] [Image Optimizer]: info in ImageOptimization\Modules\ConnectManager\Components\Connect->get_connect_status(): Status check error. Reason: User is not connected
[27-Aug-2024 20:05:07 UTC] [Image Optimizer]: info in ImageOptimization\Modules\ConnectManager\Components\Connect->get_connect_status(): Status check error. Reason: User is not connected
[27-Aug-2024 20:05:07 UTC] [Image Optimizer]: info in ImageOptimization\Modules\ConnectManager\Components\Connect->get_connect_status(): Status check error. Reason: User is not connected
[30-Aug-2024 12:50:51 UTC] [Image Optimizer]: info in ImageOptimization\Modules\Optimization\Classes\Optimize_Image->optimize(): Start optimization of 183
[30-Aug-2024 12:51:08 UTC] [Image Optimizer]: info in ImageOptimization\Modules\Optimization\Classes\Optimize_Image->optimize(): End optimization of 183
[31-Aug-2024 14:35:56 UTC] PHP Warning:  rename(C:\Windows\TEMP/woocommerce.9.2.3-JAMkmA.tmp,C:\Windows\TEMP/woocommerce.9.2.3.zip): Accès refusé (code: 5) in C:\Users\flamm\Local Sites\laviedesplantes\app\public\wp-admin\includes\file.php on line 1234
[31-Aug-2024 14:35:56 UTC] PHP Warning:  unlink(C:\Windows\TEMP/woocommerce.9.2.3.zip): Resource temporarily unavailable in C:\Users\flamm\Local Sites\laviedesplantes\app\public\wp-admin\includes\file.php on line 1239
[31-Aug-2024 14:37:05 UTC] [Image Optimizer]: info in ImageOptimization\Modules\Optimization\Classes\Optimize_Image->optimize(): Start optimization of 208
[31-Aug-2024 14:37:12 UTC] [Image Optimizer]: info in ImageOptimization\Modules\Optimization\Classes\Optimize_Image->optimize(): End optimization of 208
[31-Aug-2024 14:40:20 UTC] PHP Fatal error:  Uncaught Error: Call to a member function get_id() on null in C:\Users\flamm\Local Sites\laviedesplantes\app\public\wp-content\plugins\woolentor-addons\woolentor-blocks\includes\classes\Api\Api.php:354
Stack trace:
#0 C:\Users\flamm\Local Sites\laviedesplantes\app\public\wp-includes\rest-api\class-wp-rest-server.php(1230): WooLentorBlocks\Api\Api->get_last_product_data(Object(WP_REST_Request))
#1 C:\Users\flamm\Local Sites\laviedesplantes\app\public\wp-includes\rest-api\class-wp-rest-server.php(1063): WP_REST_Server->respond_to_request(Object(WP_REST_Request), '/woolentor/v1/s...', Array, NULL)
#2 C:\Users\flamm\Local Sites\laviedesplantes\app\public\wp-includes\rest-api\class-wp-rest-server.php(439): WP_REST_Server->dispatch(Object(WP_REST_Request))
#3 C:\Users\flamm\Local Sites\laviedesplantes\app\public\wp-includes\rest-api.php(420): WP_REST_Server->serve_request('/woolentor/v1/s...')
#4 C:\Users\flamm\Local Sites\laviedesplantes\app\public\wp-includes\class-wp-hook.php(324): rest_api_loaded(Object(WP))
#5 C:\Users\flamm\Local Sites\laviedesplantes\app\public\wp-includes\class-wp-hook.php(348): WP_Hook->apply_filters(NULL, Array)
#6 C:\Users\flamm\Local Sites\laviedesplantes\app\public\wp-includes\plugin.php(565): WP_Hook->do_action(Array)
#7 C:\Users\flamm\Local Sites\laviedesplantes\app\public\wp-includes\class-wp.php(418): do_action_ref_array('parse_request', Array)
#8 C:\Users\flamm\Local Sites\laviedesplantes\app\public\wp-includes\class-wp.php(813): WP->parse_request('')
#9 C:\Users\flamm\Local Sites\laviedesplantes\app\public\wp-includes\functions.php(1336): WP->main('')
#10 C:\Users\flamm\Local Sites\laviedesplantes\app\public\wp-blog-header.php(16): wp()
#11 C:\Users\flamm\Local Sites\laviedesplantes\app\public\index.php(17): require('C:\\Users\\flamm\\...')
#12 {main}
  thrown in C:\Users\flamm\Local Sites\laviedesplantes\app\public\wp-content\plugins\woolentor-addons\woolentor-blocks\includes\classes\Api\Api.php on line 354
[31-Aug-2024 15:12:27 UTC] PHP Fatal error:  Uncaught Error: Call to a member function get_id() on null in C:\Users\flamm\Local Sites\laviedesplantes\app\public\wp-content\plugins\woolentor-addons\woolentor-blocks\includes\classes\Api\Api.php:354
Stack trace:
#0 C:\Users\flamm\Local Sites\laviedesplantes\app\public\wp-includes\rest-api\class-wp-rest-server.php(1230): WooLentorBlocks\Api\Api->get_last_product_data(Object(WP_REST_Request))
#1 C:\Users\flamm\Local Sites\laviedesplantes\app\public\wp-includes\rest-api\class-wp-rest-server.php(1063): WP_REST_Server->respond_to_request(Object(WP_REST_Request), '/woolentor/v1/s...', Array, NULL)
#2 C:\Users\flamm\Local Sites\laviedesplantes\app\public\wp-includes\rest-api\class-wp-rest-server.php(439): WP_REST_Server->dispatch(Object(WP_REST_Request))
#3 C:\Users\flamm\Local Sites\laviedesplantes\app\public\wp-includes\rest-api.php(420): WP_REST_Server->serve_request('/woolentor/v1/s...')
#4 C:\Users\flamm\Local Sites\laviedesplantes\app\public\wp-includes\class-wp-hook.php(324): rest_api_loaded(Object(WP))
#5 C:\Users\flamm\Local Sites\laviedesplantes\app\public\wp-includes\class-wp-hook.php(348): WP_Hook->apply_filters(NULL, Array)
#6 C:\Users\flamm\Local Sites\laviedesplantes\app\public\wp-includes\plugin.php(565): WP_Hook->do_action(Array)
#7 C:\Users\flamm\Local Sites\laviedesplantes\app\public\wp-includes\class-wp.php(418): do_action_ref_array('parse_request', Array)
#8 C:\Users\flamm\Local Sites\laviedesplantes\app\public\wp-includes\class-wp.php(813): WP->parse_request('')
#9 C:\Users\flamm\Local Sites\laviedesplantes\app\public\wp-includes\functions.php(1336): WP->main('')
#10 C:\Users\flamm\Local Sites\laviedesplantes\app\public\wp-blog-header.php(16): wp()
#11 C:\Users\flamm\Local Sites\laviedesplantes\app\public\index.php(17): require('C:\\Users\\flamm\\...')
#12 {main}
  thrown in C:\Users\flamm\Local Sites\laviedesplantes\app\public\wp-content\plugins\woolentor-addons\woolentor-blocks\includes\classes\Api\Api.php on line 354
[31-Aug-2024 15:20:08 UTC] [Image Optimizer]: info in ImageOptimization\Modules\Optimization\Classes\Optimize_Image->optimize(): Start optimization of 260
[31-Aug-2024 15:20:18 UTC] [Image Optimizer]: info in ImageOptimization\Modules\Optimization\Classes\Optimize_Image->optimize(): End optimization of 260
[31-Aug-2024 15:54:30 UTC] [Image Optimizer]: info in ImageOptimization\Modules\Optimization\Classes\Optimize_Image->optimize(): Start optimization of 262
[31-Aug-2024 15:54:41 UTC] [Image Optimizer]: info in ImageOptimization\Modules\Optimization\Classes\Optimize_Image->optimize(): End optimization of 262
[31-Aug-2024 15:56:23 UTC] Erreur d’événement de replanification de tâche pour le crochet action_scheduler_run_queue. Code d’erreur : could_not_set. Message d’erreur : La liste des évènements planifiés n’a pas pu être sauvegardée.. Données : {"schedule":"every_minute","args":["WP Cron"],"interval":60}
[31-Aug-2024 15:57:25 UTC] [Image Optimizer]: info in ImageOptimization\Modules\Optimization\Classes\Optimize_Image->optimize(): Start optimization of 264
[31-Aug-2024 15:57:34 UTC] [Image Optimizer]: info in ImageOptimization\Modules\Optimization\Classes\Optimize_Image->optimize(): End optimization of 264
[01-Sep-2024 13:22:10 UTC] PHP Warning:  rename(C:\Windows\TEMP/woocommerce-payments.8.1.1-wHxXoo.tmp,C:\Windows\TEMP/woocommerce-payments.8.1.1.zip): Accès refusé (code: 5) in C:\Users\flamm\Local Sites\laviedesplantes\app\public\wp-admin\includes\file.php on line 1234
[01-Sep-2024 13:22:10 UTC] PHP Warning:  unlink(C:\Windows\TEMP/woocommerce-payments.8.1.1.zip): Resource temporarily unavailable in C:\Users\flamm\Local Sites\laviedesplantes\app\public\wp-admin\includes\file.php on line 1239
[01-Sep-2024 13:22:14 UTC] PHP Warning:  require_once(C:\Users\flamm\Local Sites\laviedesplantes\app\public\wp-content\plugins\woocommerce-payments/vendor/autoload_packages.php): Failed to open stream: No such file or directory in C:\Users\flamm\Local Sites\laviedesplantes\app\public\wp-content\plugins\woocommerce-payments\woocommerce-payments.php on line 27
[01-Sep-2024 13:22:14 UTC] PHP Fatal error:  Uncaught Error: Failed opening required 'C:\Users\flamm\Local Sites\laviedesplantes\app\public\wp-content\plugins\woocommerce-payments/vendor/autoload_packages.php' (include_path='.:/usr/share/php:/www/wp-content/pear') in C:\Users\flamm\Local Sites\laviedesplantes\app\public\wp-content\plugins\woocommerce-payments\woocommerce-payments.php:27
Stack trace:
#0 C:\Users\flamm\Local Sites\laviedesplantes\app\public\wp-admin\includes\plugin.php(2387): include_once()
#1 C:\Users\flamm\Local Sites\laviedesplantes\app\public\wp-admin\includes\plugin.php(673): plugin_sandbox_scrape('woocommerce-pay...')
#2 C:\Users\flamm\Local Sites\laviedesplantes\app\public\wp-content\plugins\woocommerce\src\Admin\PluginsHelper.php(446): activate_plugin('woocommerce-pay...')
#3 C:\Users\flamm\Local Sites\laviedesplantes\app\public\wp-content\plugins\woocommerce\src\Admin\API\Plugins.php(359): Automattic\WooCommerce\Admin\PluginsHelper::activate_plugins(Array)
#4 C:\Users\flamm\Local Sites\laviedesplantes\app\public\wp-includes\rest-api\class-wp-rest-server.php(1230): Automattic\WooCommerce\Admin\API\Plugins->activate_plugins(Object(WP_REST_Request))
#5 C:\Users\flamm\Local Sites\laviedesplantes\app\public\wp-includes\rest-api\class-wp-rest-server.php(1063): WP_REST_Server->respond_to_request(Object(WP_REST_Request), '/wc-admin/plugi...', Array, NULL)
#6 C:\Users\flamm\Local Sites\laviedesplantes\app\public\wp-includes\rest-api\class-wp-rest-server.php(439): WP_REST_Server->dispatch(Object(WP_REST_Request))
#7 C:\Users\flamm\Local Sites\laviedesplantes\app\public\wp-includes\rest-api.php(420): WP_REST_Server->serve_request('/wc-admin/plugi...')
#8 C:\Users\flamm\Local Sites\laviedesplantes\app\public\wp-includes\class-wp-hook.php(324): rest_api_loaded(Object(WP))
#9 C:\Users\flamm\Local Sites\laviedesplantes\app\public\wp-includes\class-wp-hook.php(348): WP_Hook->apply_filters(NULL, Array)
#10 C:\Users\flamm\Local Sites\laviedesplantes\app\public\wp-includes\plugin.php(565): WP_Hook->do_action(Array)
#11 C:\Users\flamm\Local Sites\laviedesplantes\app\public\wp-includes\class-wp.php(418): do_action_ref_array('parse_request', Array)
#12 C:\Users\flamm\Local Sites\laviedesplantes\app\public\wp-includes\class-wp.php(813): WP->parse_request('')
#13 C:\Users\flamm\Local Sites\laviedesplantes\app\public\wp-includes\functions.php(1336): WP->main('')
#14 C:\Users\flamm\Local Sites\laviedesplantes\app\public\wp-blog-header.php(16): wp()
#15 C:\Users\flamm\Local Sites\laviedesplantes\app\public\index.php(17): require('C:\\Users\\flamm\\...')
#16 {main}
  thrown in C:\Users\flamm\Local Sites\laviedesplantes\app\public\wp-content\plugins\woocommerce-payments\woocommerce-payments.php on line 27
[01-Sep-2024 13:24:19 UTC] PHP Warning:  require_once(C:\Users\flamm\Local Sites\laviedesplantes\app\public\wp-content\plugins\woocommerce-payments/vendor/autoload_packages.php): Failed to open stream: No such file or directory in C:\Users\flamm\Local Sites\laviedesplantes\app\public\wp-content\plugins\woocommerce-payments\woocommerce-payments.php on line 27
[01-Sep-2024 13:24:19 UTC] PHP Fatal error:  Uncaught Error: Failed opening required 'C:\Users\flamm\Local Sites\laviedesplantes\app\public\wp-content\plugins\woocommerce-payments/vendor/autoload_packages.php' (include_path='.:/usr/share/php:/www/wp-content/pear') in C:\Users\flamm\Local Sites\laviedesplantes\app\public\wp-content\plugins\woocommerce-payments\woocommerce-payments.php:27
Stack trace:
#0 C:\Users\flamm\Local Sites\laviedesplantes\app\public\wp-admin\includes\plugin.php(2387): include_once()
#1 C:\Users\flamm\Local Sites\laviedesplantes\app\public\wp-admin\includes\plugin.php(673): plugin_sandbox_scrape('woocommerce-pay...')
#2 C:\Users\flamm\Local Sites\laviedesplantes\app\public\wp-content\plugins\woocommerce\src\Admin\PluginsHelper.php(446): activate_plugin('woocommerce-pay...')
#3 C:\Users\flamm\Local Sites\laviedesplantes\app\public\wp-content\plugins\woocommerce\src\Admin\API\Plugins.php(359): Automattic\WooCommerce\Admin\PluginsHelper::activate_plugins(Array)
#4 C:\Users\flamm\Local Sites\laviedesplantes\app\public\wp-includes\rest-api\class-wp-rest-server.php(1230): Automattic\WooCommerce\Admin\API\Plugins->activate_plugins(Object(WP_REST_Request))
#5 C:\Users\flamm\Local Sites\laviedesplantes\app\public\wp-includes\rest-api\class-wp-rest-server.php(1063): WP_REST_Server->respond_to_request(Object(WP_REST_Request), '/wc-admin/plugi...', Array, NULL)
#6 C:\Users\flamm\Local Sites\laviedesplantes\app\public\wp-includes\rest-api\class-wp-rest-server.php(439): WP_REST_Server->dispatch(Object(WP_REST_Request))
#7 C:\Users\flamm\Local Sites\laviedesplantes\app\public\wp-includes\rest-api.php(420): WP_REST_Server->serve_request('/wc-admin/plugi...')
#8 C:\Users\flamm\Local Sites\laviedesplantes\app\public\wp-includes\class-wp-hook.php(324): rest_api_loaded(Object(WP))
#9 C:\Users\flamm\Local Sites\laviedesplantes\app\public\wp-includes\class-wp-hook.php(348): WP_Hook->apply_filters(NULL, Array)
#10 C:\Users\flamm\Local Sites\laviedesplantes\app\public\wp-includes\plugin.php(565): WP_Hook->do_action(Array)
#11 C:\Users\flamm\Local Sites\laviedesplantes\app\public\wp-includes\class-wp.php(418): do_action_ref_array('parse_request', Array)
#12 C:\Users\flamm\Local Sites\laviedesplantes\app\public\wp-includes\class-wp.php(813): WP->parse_request('')
#13 C:\Users\flamm\Local Sites\laviedesplantes\app\public\wp-includes\functions.php(1336): WP->main('')
#14 C:\Users\flamm\Local Sites\laviedesplantes\app\public\wp-blog-header.php(16): wp()
#15 C:\Users\flamm\Local Sites\laviedesplantes\app\public\index.php(17): require('C:\\Users\\flamm\\...')
#16 {main}
  thrown in C:\Users\flamm\Local Sites\laviedesplantes\app\public\wp-content\plugins\woocommerce-payments\woocommerce-payments.php on line 27
[01-Sep-2024 13:25:18 UTC] PHP Warning:  require_once(C:\Users\flamm\Local Sites\laviedesplantes\app\public\wp-content\plugins\woocommerce-payments/vendor/autoload_packages.php): Failed to open stream: No such file or directory in C:\Users\flamm\Local Sites\laviedesplantes\app\public\wp-content\plugins\woocommerce-payments\woocommerce-payments.php on line 27
[01-Sep-2024 13:25:18 UTC] PHP Fatal error:  Uncaught Error: Failed opening required 'C:\Users\flamm\Local Sites\laviedesplantes\app\public\wp-content\plugins\woocommerce-payments/vendor/autoload_packages.php' (include_path='.:/usr/share/php:/www/wp-content/pear') in C:\Users\flamm\Local Sites\laviedesplantes\app\public\wp-content\plugins\woocommerce-payments\woocommerce-payments.php:27
Stack trace:
#0 C:\Users\flamm\Local Sites\laviedesplantes\app\public\wp-admin\includes\plugin.php(2387): include_once()
#1 C:\Users\flamm\Local Sites\laviedesplantes\app\public\wp-admin\includes\plugin.php(673): plugin_sandbox_scrape('woocommerce-pay...')
#2 C:\Users\flamm\Local Sites\laviedesplantes\app\public\wp-admin\plugins.php(60): activate_plugin('woocommerce-pay...', 'http://localhos...', false)
#3 {main}
  thrown in C:\Users\flamm\Local Sites\laviedesplantes\app\public\wp-content\plugins\woocommerce-payments\woocommerce-payments.php on line 27
